Build started 31/01/2016 16:56:53.
     1>Project "J:\Data\LAB\Research\djikstra\djikstra\djikstra.vcxproj" on node 2 (build target(s)).
     1>InitializeBuildStatus:
         Creating "Debug\djikstra.unsuccessfulbuild" because "AlwaysCreate" was specified.
       ClCompile:
         C:\Program Files (x86)\Microsoft Visual Studio 10.0\VC\bin\CL.exe /c /ZI /nologo /W3 /WX- /Od /Oy- /D _MBCS /Gm /EHsc /RTC1 /MDd /GS /fp:precise /Zc:wchar_t /Zc:forScope /Fo"Debug\\" /Fd"Debug\vc100.pdb" /Gd /TP /analyze- /errorReport:prompt main.cpp
         main.cpp
     1>j:\data\lab\research\djikstra\djikstra\main.cpp(36): warning C4309: '=' : truncation of constant value
     1>j:\data\lab\research\djikstra\djikstra\main.cpp(83): warning C4244: 'argument' : conversion from 'time_t' to 'unsigned int', possible loss of data
     1>j:\data\lab\research\djikstra\djikstra\main.cpp(257): warning C4309: '=' : truncation of constant value
     1>j:\data\lab\research\djikstra\djikstra\main.cpp(318): warning C4244: 'argument' : conversion from 'time_t' to 'unsigned int', possible loss of data
       Link:
         C:\Program Files (x86)\Microsoft Visual Studio 10.0\VC\bin\link.exe /ERRORREPORT:PROMPT /OUT:"J:\Data\LAB\Research\djikstra\Debug\djikstra.exe" /NOLOGO kernel32.lib user32.lib gdi32.lib winspool.lib comdlg32.lib advapi32.lib shell32.lib ole32.lib oleaut32.lib uuid.lib odbc32.lib odbccp32.lib /MANIFEST /ManifestFile:"Debug\djikstra.exe.intermediate.manifest" /MANIFESTUAC:"level='asInvoker' uiAccess='false'" /DEBUG /PDB:"J:\Data\LAB\Research\djikstra\Debug\djikstra.pdb" /TLBID:1 /DYNAMICBASE /NXCOMPAT /IMPLIB:"J:\Data\LAB\Research\djikstra\Debug\djikstra.lib" /MACHINE:X86 Debug\main.obj
         djikstra.vcxproj -> J:\Data\LAB\Research\djikstra\Debug\djikstra.exe
       Manifest:
         C:\Program Files (x86)\Microsoft SDKs\Windows\v7.0A\bin\mt.exe /nologo /verbose /outputresource:"J:\Data\LAB\Research\djikstra\Debug\djikstra.exe;#1" /manifest Debug\djikstra.exe.intermediate.manifest
       FinalizeBuildStatus:
         Deleting file "Debug\djikstra.unsuccessfulbuild".
         Touching "Debug\djikstra.lastbuildstate".
     1>Done Building Project "J:\Data\LAB\Research\djikstra\djikstra\djikstra.vcxproj" (build target(s)).

Build succeeded.

Time Elapsed 00:00:03.44
